The HCMV genome (NC_006273.2) has 169 CDs
sample	condition	min_tpm	med_tpm	mean_tpm	max_tpm
SRR5660030	2dpi	0.0	1877.01	5917.160178698225	76933.3
SRR5660045	6dpi	0.0	1087.21	5917.163998816568	400458.0
SRR5660033	6dpi	0.0	1980.99	5917.1598857988165	177497.0
SRR5660044	2dpi	0.0	1906.83	5917.161822485207	222794.0
target_id	test_stat	pval	qval
lcl|AY446894.2_cds_AAR31634.1_79	15.1793495744618	9.77667579815603e-05	0.00841669520168401
lcl|AY446894.2_cds_AAR31651.1_96	15.0290239040048	0.000105870379895396	0.00841669520168401
lcl|AY446894.2_cds_AAR31656.1_101	14.0644068170814	0.000176655372457297	0.00936273474023674
lcl|AY446894.2_cds_AAR31655.1_100	12.4653534207486	0.000414570073502669	0.0164791604217311
lcl|AY446894.2_cds_AAR31681.1_125	11.8474954422521	0.000577389493276231	0.0176780827638727
lcl|AY446894.2_cds_AAR31595.1_36	11.5787506470706	0.000667097462787647	0.0176780827638727
lcl|AY446894.2_cds_AAR31678.1_122	11.0341336172115	0.000894494702797347	0.018779406038213
lcl|AY446894.2_cds_AAR31725.1_69	10.8637485389882	0.000980649966953317	0.018779406038213
lcl|AY446894.2_cds_AAR31680.1_124	10.714511405403	0.00106298524744602	0.018779406038213
lcl|AY446894.2_cds_AAR31596.1_38	10.2058327778214	0.0013999715910755	0.0222595482981004
lcl|AY446894.2_cds_AAR31626.1_70	9.39336357285332	0.00217772296177603	0.031477995538399
lcl|AY446894.2_cds_AAR31665.1_110	8.95071799498783	0.0027736055052364	0.0367502729443823
lcl|AY446894.2_cds_AAR31717.1_162	8.62847181982163	0.00330949087285038	0.0404776191371701
lcl|AY446894.2_cds_AAR31704.1_149	8.39486730593993	0.00376281979240885	0.042734881928072
lcl|AY446894.2_cds_AAR31625.1_68	8.24736528032804	0.00408111943506433	0.0432598660116819
lcl|AY446894.2_cds_AAR31637.1_82	8.03338764990763	0.00459228698952296	0.0456358519583844
lcl|AY446894.2_cds_AAR31705.1_150	7.86874282184583	0.00502966093930839	0.0470421229029432
lcl|AY446894.2_cds_AAR31699.1_144	7.68055224934831	0.00558190834135452	0.0493068570152982
Donor 2 6dpi had 4953778 read pairs before Bowtie2 filtering and 2236559 after.
Donor 2 2dpi had 5460516 read pairs before Bowtie2 filtering and 3345658 after.
Donor 1 2dpi had 4518574 read pairs before Bowtie2 filtering and 3025251 after.
Donor 1 6dpi had 4009060 read pairs before Bowtie2 filtering and 2253907 after.
spades.py -k 77 -t 2 --only-assembler --pe-1 1 data/SRR5660030_1.fastq --pe-2 1 data/SRR5660030_2.fastq --pe-1 2 data/SRR5660033_1.fastq --pe-2 2 data/SRR5660033_2.fastq -o Donor1_assembly/
spades.py -k 77 -t 2 --only-assembler --pe-1 1 data/SRR5660044_1.fastq --pe-2 1 data/SRR5660044_2.fastq --pe-1 2 data/SRR5660045_1.fastq --pe-2 2 data/SRR5660045_2.fastq -o Donor2_assembly/
Donor1_assembly:
sacc	pident	length	qstart	qend	sstart	send	bitscore	evalue	stitle
NC_006273.2	98.262	1381	13	1393	48445	49825	2418	0.0	NC_006273.2 Human herpesvirus 5 strain Merlin, complete genome
NC_006273.2	91.661	1523	1390	2904	49925	51445	2100	0.0	NC_006273.2 Human herpesvirus 5 strain Merlin, complete genome
NC_003521.1	78.132	1253	177	1403	46073	47316	763	0.0	NC_003521.1 Panine herpesvirus 2 strain Heberling, complete genome
NC_003521.1	72.527	273	1686	1951	47729	47995	76.8	1.21e-13	NC_003521.1 Panine herpesvirus 2 strain Heberling, complete genome
Donor2_assembly:
sacc	pident	length	qstart	qend	sstart	send	bitscore	evalue	stitle
NC_006273.2	99.336	6171	1	6171	125224	131394	11169	0.0	NC_006273.2 Human herpesvirus 5 strain Merlin, complete genome
NC_003521.1	83.327	2831	1923	4748	127219	130007	2569	0.0	NC_003521.1 Panine herpesvirus 2 strain Heberling, complete genome
NC_003521.1	84.719	1564	264	1823	125512	127071	1557	0.0	NC_003521.1 Panine herpesvirus 2 strain Heberling, complete genome
NC_003521.1	81.085	682	4781	5456	130078	130753	534	3.53e-151	NC_003521.1 Panine herpesvirus 2 strain Heberling, complete genome
NC_075417.1	74.642	2516	1913	4398	107896	105410	1057	0.0	NC_075417.1 Mandrillus leucophaeus cytomegalovirus isolate OCOM6-2, complete genome
NC_075417.1	76.897	1463	266	1719	109466	108012	813	0.0	NC_075417.1 Mandrillus leucophaeus cytomegalovirus isolate OCOM6-2, complete genome
NC_033176.1	74.260	2467	1943	4386	115749	118190	994	0.0	NC_033176.1 Cynomolgus cytomegalovirus isolate 31908, complete genome
NC_006150.1	74.153	2449	1960	4386	117042	119468	976	0.0	NC_006150.1 Macacine herpesvirus 3, complete genome
NC_012783.2	74.112	2507	1918	4392	115975	118447	974	0.0	NC_012783.2 Cercopithecine herpesvirus 5 strain 2715, complete genome
NC_016154.1	73.878	2450	1960	4386	110772	113198	937	0.0	NC_016154.1 Cynomolgus macaque cytomegalovirus strain Ottawa, complete genome
